[27/5/2023 16:22:36] /level [ADM] Supreme, 500
[27/5/2023 16:23:39] /level [ADM] Supreme, 500
[27/5/2023 16:23:41] /level [ADM] Supreme, 500
[27/5/2023 16:23:50] /level [ADM] Supreme, 900
[27/5/2023 16:23:56] /level [ADM] Supreme, 1500
[27/5/2023 16:24:52] /down
[27/5/2023 16:26:56] /s Brolly
[27/5/2023 16:27:4] /m Kalassya
[27/5/2023 16:27:5] /m Kalassya
[27/5/2023 16:27:11] /m Goku
[27/5/2023 16:27:13] /m Dog
[27/5/2023 16:27:15] /m Wolf
[27/5/2023 16:27:22] /n Wolf
[27/5/2023 16:27:24] /n Wolf
[27/5/2023 16:27:29] /s Wolf
[27/5/2023 16:27:50] /s Banshee
[27/5/2023 16:27:58] /s Demon
[27/5/2023 16:28:7] /s Demon
[27/5/2023 16:28:8] /s Demon
[27/5/2023 16:28:35] /s Demon
[27/5/2023 16:28:36] /s Demon
[27/5/2023 16:29:22] /m bat
[27/5/2023 16:29:26] /m bat
[27/5/2023 16:29:28] /t
[27/5/2023 16:29:52] /m Boogy
[27/5/2023 16:30:36] /m Buu Fat
[27/5/2023 16:31:5] /m Dragon Lord Thawing
[27/5/2023 16:31:27] /m Giant Hollow
[27/5/2023 16:31:54] /s Iron Minotaur
[27/5/2023 16:33:8] /s Iron Minotaur
[6/11/2023 14:59:14] /t
[6/11/2023 14:59:28] /m trainer
[6/11/2023 14:59:35] tecnicas
[6/11/2023 15:30:24] /clean
[6/11/2023 15:31:30] /newtype 1188
[6/11/2023 15:31:39] /newtype 1174
[6/11/2023 15:31:50] /newtype 1157
[6/11/2023 15:31:56] /newtype 1163
[6/11/2023 15:32:39] /newtype 986
[6/11/2023 15:33:35] /newtype 1170
[6/11/2023 15:33:58] /newtype 1179
[6/11/2023 15:34:5] /newtype 1180
[6/11/2023 15:35:41] /t
[6/11/2023 15:35:43] /t
[6/11/2023 15:35:46] /t
[6/11/2023 15:36:44] /t
[6/11/2023 15:39:21] /newtype 653
[11/11/2023 22:42:55] /t
[11/11/2023 22:45:55] /newtype 989
[11/11/2023 22:45:58] /newtype 990
[11/11/2023 22:46:0] /newtype 991
[11/11/2023 22:46:0] /newtype 992
[11/11/2023 22:46:1] /newtype 993
[11/11/2023 22:46:3] /newtype 994
[11/11/2023 22:46:8] /newtype 995
[11/11/2023 22:46:11] /newtype 996
[11/11/2023 22:46:13] /newtype 997
[11/11/2023 22:46:17] /newtype 998
[11/11/2023 22:46:21] /newtype 999
[11/11/2023 22:46:24] /newtype 1000
[11/11/2023 22:46:27] /newtype 1001
[11/11/2023 22:46:29] /newtype 1500
[11/11/2023 22:46:32] /newtype 1389
[11/11/2023 22:46:34] /newtype 1254
[11/11/2023 22:46:37] /newtype 1156
[11/11/2023 22:46:42] /newtype 1164
[11/11/2023 22:46:44] /newtype 1165
[11/11/2023 22:46:45] /newtype 1166
[11/11/2023 22:46:46] /newtype 1167
[11/11/2023 22:46:47] /newtype 1168
[11/11/2023 22:46:48] /newtype 1169
[11/11/2023 22:46:55] /newtype 1170
[11/11/2023 22:46:57] /newtype 1171
[11/11/2023 22:47:0] /newtype 1172
[11/11/2023 22:47:4] /newtype 1173
[11/11/2023 22:47:5] /newtype 1174
[11/11/2023 22:47:8] /newtype 1175
[11/11/2023 22:47:10] /newtype 1176
[11/11/2023 22:47:13] /newtype 1177
[11/11/2023 22:47:16] /newtype 1178
[11/11/2023 22:47:19] /newtype 1179
[11/11/2023 22:47:23] /newtype 1180
[11/11/2023 22:47:25] /newtype 1181
[11/11/2023 22:47:27] /newtype 1182
[11/11/2023 22:47:31] /newtype 1183
[11/11/2023 22:47:34] /newtype 1184
[11/11/2023 22:47:37] /newtype 1185
[11/11/2023 22:47:40] /newtype 1186
[11/11/2023 22:47:45] /newtype 1187
[11/11/2023 22:47:48] /newtype 1188
[11/11/2023 22:47:51] /newtype 1189
[11/11/2023 22:47:53] /newtype 1188
[11/11/2023 22:47:59] /newtype 1100
[11/11/2023 22:48:3] /newtype 1101
[11/11/2023 22:48:8] /newtype 1102
[11/11/2023 22:48:10] /newtype 1103
[11/11/2023 22:48:11] /newtype 1104
[11/11/2023 22:48:12] /newtype 1105
[11/11/2023 22:48:13] /newtype 1106
[11/11/2023 22:48:16] /newtype 1107
[11/11/2023 22:48:17] /newtype 1108
[11/11/2023 22:48:20] /newtype 1109
[11/11/2023 22:48:26] /newtype 1110
[11/11/2023 22:48:30] /newtype 1111
[11/11/2023 22:48:31] /newtype 1112
[11/11/2023 22:48:32] /newtype 1113
[11/11/2023 22:48:34] /newtype 1114
[11/11/2023 22:48:37] /newtype 1115
[11/11/2023 22:48:39] /newtype 1116
[11/11/2023 22:48:42] /newtype 1117
[11/11/2023 22:48:44] /newtype 1118
[11/11/2023 22:48:46] /newtype 1119
[11/11/2023 22:48:49] /newtype 1120
[11/11/2023 22:48:53] /newtype 1121
[11/11/2023 22:48:55] /newtype 1122
[11/11/2023 22:48:58] /newtype 1121
[11/11/2023 22:48:59] /newtype 1122
[11/11/2023 22:49:0] /newtype 1123
[11/11/2023 22:49:10] /newtype 1123
[11/11/2023 22:49:13] /save
[11/11/2023 22:53:25] /m trainer
[11/11/2023 22:53:31] tecnicas
[11/11/2023 22:54:27] /n demon
[11/11/2023 22:54:31] /n demon
[11/11/2023 22:54:32] /n demon
[11/11/2023 22:54:35] /n demon
[11/11/2023 22:54:36] /n demon
[11/11/2023 22:54:39] /s demon
[11/11/2023 22:55:31] /m valak
[11/11/2023 22:55:42] /m supreme dragon lord
[11/11/2023 22:55:59] /s dragon lord
[11/11/2023 22:56:53] /s valak
[11/11/2023 22:57:12] /clean
[11/11/2023 23:0:52] /m bandit
[11/11/2023 23:0:57] /m bandit
[11/11/2023 23:1:16] /m demon
[11/11/2023 23:3:34] /s valak
