[29/3/2020 10:18:3] /t
[29/3/2020 10:18:7] /t
[29/3/2020 10:18:11] tecnicas
[29/3/2020 10:19:4] tecnicas
[29/3/2020 10:20:2] tecnicas
[29/3/2020 10:21:47] /b asda sd as
[29/3/2020 10:22:10] /newtype 3
[29/3/2020 10:22:28] /newtype 300
[29/3/2020 10:22:32] /newtype 664
[29/3/2020 10:22:37] /newtype 663
[29/3/2020 10:22:39] /newtype 666
[29/3/2020 10:22:40] /newtype 667
[29/3/2020 10:22:42] /newtype 668
[29/3/2020 10:22:44] /newtype 669
[29/3/2020 10:22:46] /newtype 670
[29/3/2020 10:22:48] /newtype 671
[29/3/2020 10:22:49] /newtype 672
[29/3/2020 10:22:51] /newtype 673
[29/3/2020 10:22:53] /newtype 674
[29/3/2020 10:22:54] /newtype 675
[29/3/2020 10:22:55] /newtype 676
[29/3/2020 10:22:57] /newtype 677
[29/3/2020 10:22:58] /newtype 678
[29/3/2020 10:23:0] /newtype 679
[29/3/2020 10:23:3] /newtype 680
[29/3/2020 10:23:4] /newtype 681
[29/3/2020 10:23:6] /newtype 682
[29/3/2020 10:23:7] /newtype 683
[29/3/2020 10:23:9] /newtype 684
[29/3/2020 10:23:11] /newtype 685
[29/3/2020 10:23:14] /newtype 700
[29/3/2020 10:23:16] /newtype 701
[29/3/2020 10:23:20] /save
[29/3/2020 10:23:47] /newtype 701
[29/3/2020 10:23:49] /save
[29/3/2020 10:24:43] /s demono
[29/3/2020 10:24:45] /s demon
[29/3/2020 10:24:48] /s demon
[29/3/2020 10:26:25] /t
[29/3/2020 14:26:27] /t
[29/3/2020 14:26:54] /t
[29/3/2020 14:26:57] /ghost
[29/3/2020 14:26:59] /ghost
[29/3/2020 14:32:7] /reload spells
[29/3/2020 14:32:48] /reload talk
[29/3/2020 14:32:55] /ghost
[29/3/2020 14:33:26] /reload spells
[29/3/2020 14:34:45] /reload spells
[29/3/2020 14:36:2] /reload spells
[29/3/2020 14:36:24] /reload spells
[29/3/2020 14:37:41] /reload spells
[29/3/2020 14:38:13] /reload spells
[29/3/2020 14:38:58] /reload spells
[29/3/2020 15:1:6] /reload spells
[29/3/2020 15:2:34] /reload spells
[29/3/2020 15:2:43] /reload spells
[29/3/2020 15:3:25] /reload spells
[29/3/2020 15:3:35] /reload spells
[29/3/2020 15:4:4] /reload spells
[29/3/2020 15:4:21] /reload spells
[29/3/2020 15:4:27] /reload spells
[29/3/2020 15:4:28] /reload spells
[29/3/2020 15:5:8] /reload spells
[29/3/2020 15:5:13] /reload spells
[29/3/2020 15:5:28] /reload spells
[29/3/2020 15:6:7] /reload spells
[29/3/2020 15:6:11] /reload spells
[29/3/2020 15:6:37] /reload spells
[29/3/2020 15:8:0] /reload spells
[29/3/2020 15:8:17] /reload spells
[29/3/2020 15:10:7] /reload spells
[29/3/2020 15:10:19] /reload spells
[29/3/2020 15:11:20] /reload spells
[29/3/2020 15:11:42] /reload spells
[29/3/2020 15:12:4] /reload spells
[29/3/2020 15:12:10] /reload spells
[29/3/2020 15:12:50] /reload spells
[29/3/2020 15:13:7] /m trainer
[29/3/2020 15:13:43] /reload spells
[29/3/2020 15:14:52] /reload spells
[29/3/2020 15:15:36] /reload spells
[29/3/2020 15:16:51] /reload spells
[29/3/2020 15:17:43] /s trainer
[29/3/2020 15:18:31] /r
[29/3/2020 15:18:34] /clean
[29/3/2020 15:18:38] /m trainer
[29/3/2020 15:18:43] /reload spells
[29/3/2020 15:19:8] /reload spells
[29/3/2020 15:19:59] /reload spells
[29/3/2020 15:23:47] /reload spells
[29/3/2020 15:25:42] /reload spells
[29/3/2020 15:26:32] /reload spells
[29/3/2020 15:26:48] /reload spells
[29/3/2020 15:29:1] /reload spells
[29/3/2020 15:33:23] /reload spells
[29/3/2020 15:33:43] /reload spells
[29/3/2020 15:34:22] /reload spells
[29/3/2020 15:35:5] /reload spells
[29/3/2020 15:36:17] /reload spells
[29/3/2020 15:36:23] /reload spells
[29/3/2020 15:54:16] /reload spells
[29/3/2020 15:55:21] /reload spells
[29/3/2020 15:55:38] /reload spells
[29/3/2020 15:56:14] /reload spells
[29/3/2020 16:1:50] /reload spells
[29/3/2020 16:2:24] /reload spells
[29/3/2020 16:3:38] /clean
[29/3/2020 16:4:25] /reload spells
[29/3/2020 16:4:37] /reload spells
[29/3/2020 16:6:2] /reload spells
[29/3/2020 16:7:5] /reload spells
[29/3/2020 16:7:44] /reload spells
[29/3/2020 16:7:49] /reload spells
[29/3/2020 16:8:7] /reload spells
[29/3/2020 16:8:34] /reload spells
[29/3/2020 16:8:50] /m demon
[29/3/2020 16:9:7] /clean
[29/3/2020 16:9:10] /r
[29/3/2020 16:9:23] /level 999
[29/3/2020 16:9:31] /level Santa Inquisição, 999
[29/3/2020 16:9:38] /level Santa Inquisição, 999
[29/3/2020 16:9:40] /level Santa Inquisição, 99
[29/3/2020 16:9:44] /level Santa Inquisição, 999
[29/3/2020 16:9:46] /level Santa Inquisição, 9999
[29/3/2020 16:9:48] /level Santa Inquisição, 9999
[29/3/2020 16:9:52] /level Santa Inquisição, 99999
[29/3/2020 16:10:8] /m trainer
[29/3/2020 16:10:19] /level Santa Inquisição, 1
[29/3/2020 16:10:27] /r
[29/3/2020 16:10:27] /r
[29/3/2020 16:10:44] /level Santa Inquisição, 1000
[29/3/2020 16:10:53] /i supreme senzu bean
[29/3/2020 16:12:56] /reload spells
[29/3/2020 16:17:17] /reload spells
[29/3/2020 16:18:0] /reload spells
[29/3/2020 16:18:23] /m trainer
[29/3/2020 16:18:25] /m trainer
[29/3/2020 16:18:27] /r
[29/3/2020 16:18:44] /r
[29/3/2020 16:18:44] /r
[29/3/2020 16:28:24] /reload vocations
[29/3/2020 16:28:34] /m trainer
[29/3/2020 16:29:5] /i metralhadora
[29/3/2020 16:29:26] /reload spells
[29/3/2020 16:33:39] /r
[29/3/2020 16:33:39] /r
